2026-03-07 07:32:26,817 [INFO] DRY RUN MODE -- no files will be written
2026-03-07 07:32:26,818 [INFO] Silver Tier AI Employee Scheduler starting ...
2026-03-07 07:32:26,818 [INFO]   Vault     : D:\silver_tier\silver_tier
2026-03-07 07:32:26,818 [INFO]   Inbox     : D:\silver_tier\silver_tier\Inbox
2026-03-07 07:32:26,818 [INFO]   Log file  : D:\silver_tier\logs\ai_employee.log
2026-03-07 07:32:26,818 [INFO]   Interval  : 300s
2026-03-07 07:32:26,819 [INFO] ============================================================
2026-03-07 07:32:26,819 [INFO] Cycle started at 2026-03-07 07:32:26
2026-03-07 07:32:26,820 [INFO] Step 1 — Inbox check: 1 file(s) found
2026-03-07 07:32:26,820 [INFO]   >> test_task_001.md
2026-03-07 07:32:26,823 [INFO] Step 2 — Running task planner ...
2026-03-07 07:32:26,823 [INFO] Running: inbox_planner.py --once
2026-03-07 07:32:27,160 [INFO]   inbox_planner.py completed successfully.
2026-03-07 07:32:27,161 [INFO] Step 3 — Running workflow runner ...
2026-03-07 07:32:27,162 [INFO] Running: workflow_runner.py 
2026-03-07 07:34:27,244 [ERROR]   workflow_runner.py timed out after 120s.
2026-03-07 07:34:27,244 [INFO] Cycle complete in 120.4s
2026-03-07 07:34:27,244 [INFO] ============================================================
2026-03-07 07:34:37,964 [INFO] DRY RUN MODE -- no files will be written
2026-03-07 07:34:37,964 [INFO] Silver Tier AI Employee Scheduler starting ...
2026-03-07 07:34:37,964 [INFO]   Vault     : D:\silver_tier\silver_tier
2026-03-07 07:34:37,964 [INFO]   Inbox     : D:\silver_tier\silver_tier\Inbox
2026-03-07 07:34:37,965 [INFO]   Log file  : D:\silver_tier\logs\ai_employee.log
2026-03-07 07:34:37,965 [INFO]   Interval  : 300s
2026-03-07 07:34:37,965 [INFO] ============================================================
2026-03-07 07:34:37,965 [INFO] Cycle started at 2026-03-07 07:34:37
2026-03-07 07:34:37,965 [INFO] Step 1 — Inbox check: 1 file(s) found
2026-03-07 07:34:37,965 [INFO]   >> test_task_001.md
2026-03-07 07:34:37,965 [INFO] Step 2 — Running task planner ...
2026-03-07 07:34:37,965 [INFO] Running: inbox_planner.py --once
2026-03-07 07:34:38,326 [INFO]   inbox_planner.py completed successfully.
2026-03-07 07:34:38,327 [INFO] Step 3 — Running workflow runner ...
2026-03-07 07:34:38,328 [INFO] Running: workflow_runner.py 
2026-03-07 07:36:28,971 [INFO]   workflow_runner.py completed successfully.
2026-03-07 07:36:28,971 [INFO] Cycle complete in 111.0s
2026-03-07 07:36:28,971 [INFO] ============================================================
2026-03-07 07:37:26,469 [INFO] DRY RUN MODE -- no files will be written
2026-03-07 07:37:26,470 [INFO] Silver Tier AI Employee Scheduler starting ...
2026-03-07 07:37:26,470 [INFO]   Vault     : D:\silver_tier\silver_tier
2026-03-07 07:37:26,470 [INFO]   Inbox     : D:\silver_tier\silver_tier\Inbox
2026-03-07 07:37:26,471 [INFO]   Log file  : D:\silver_tier\logs\ai_employee.log
2026-03-07 07:37:26,471 [INFO]   Interval  : 300s
2026-03-07 07:37:26,471 [INFO] ============================================================
2026-03-07 07:37:26,471 [INFO] Cycle started at 2026-03-07 07:37:26
2026-03-07 07:37:26,472 [INFO] Step 1 — Inbox check: 1 file(s) found
2026-03-07 07:37:26,472 [INFO]   >> test_task_001.md
2026-03-07 07:37:26,483 [INFO] Step 2 — Running task planner ...
2026-03-07 07:37:26,486 [INFO] Running: inbox_planner.py --once (timeout: 120s)
2026-03-07 07:37:26,711 [INFO]   inbox_planner.py completed successfully.
2026-03-07 07:37:26,711 [INFO] Step 3 — Running workflow runner ...
2026-03-07 07:37:26,711 [INFO] Running: workflow_runner.py  (timeout: 600s)
2026-03-07 07:37:29,644 [INFO]   workflow_runner.py completed successfully.
2026-03-07 07:37:29,644 [INFO] Cycle complete in 3.2s
2026-03-07 07:37:29,645 [INFO] ============================================================
2026-03-07 08:21:06,175 [INFO] Silver Tier AI Employee Scheduler starting ...
2026-03-07 08:21:06,176 [INFO]   Vault     : D:\silver_tier\silver_tier
2026-03-07 08:21:06,178 [INFO]   Inbox     : D:\silver_tier\silver_tier\Inbox
2026-03-07 08:21:06,183 [INFO]   Log file  : D:\silver_tier\logs\ai_employee.log
2026-03-07 08:21:06,185 [INFO]   Interval  : 300s
2026-03-07 08:21:06,186 [INFO] Running continuously. Press Ctrl+C to stop.
2026-03-07 08:21:06,187 [INFO] Cycle #1
2026-03-07 08:21:06,188 [INFO] ============================================================
2026-03-07 08:21:06,190 [INFO] Cycle started at 2026-03-07 08:21:06
2026-03-07 08:21:06,196 [INFO] Step 1 — Inbox check: 1 file(s) found
2026-03-07 08:21:06,200 [INFO]   >> test_task_001.md
2026-03-07 08:21:06,201 [INFO] Step 2 — Running task planner ...
2026-03-07 08:21:06,202 [INFO] Running: inbox_planner.py --once (timeout: 120s)
2026-03-07 08:21:06,400 [INFO]   inbox_planner.py completed successfully.
2026-03-07 08:21:06,400 [INFO] Step 3 — Running workflow runner ...
2026-03-07 08:21:06,403 [INFO] Running: workflow_runner.py  (timeout: 600s)
2026-03-07 08:24:16,388 [INFO] Scheduler stopped after 1 cycle(s).
2026-03-08 08:10:54,523 [INFO] DRY RUN MODE -- no files will be written
2026-03-08 08:10:54,526 [INFO] Silver Tier AI Employee Scheduler starting ...
2026-03-08 08:10:54,527 [INFO]   Vault     : D:\silver_tier\silver_tier
2026-03-08 08:10:54,528 [INFO]   Inbox     : D:\silver_tier\silver_tier\Inbox
2026-03-08 08:10:54,529 [INFO]   Log file  : D:\silver_tier\logs\ai_employee.log
2026-03-08 08:10:54,530 [INFO]   Interval  : 300s
2026-03-08 08:10:54,531 [INFO] ============================================================
2026-03-08 08:10:54,533 [INFO] Cycle started at 2026-03-08 08:10:54
2026-03-08 08:10:54,535 [INFO] Step 1 — Inbox check: 1 file(s) found
2026-03-08 08:10:54,536 [INFO]   >> test_task_001.md
2026-03-08 08:10:54,537 [INFO] Step 2 — Running task planner ...
2026-03-08 08:10:54,539 [INFO] Running: inbox_planner.py --once (timeout: 120s)
2026-03-08 08:11:02,698 [INFO]   inbox_planner.py completed successfully.
2026-03-08 08:11:02,704 [INFO] Step 3 — Running workflow runner ...
2026-03-08 08:11:02,706 [INFO] Running: workflow_runner.py  (timeout: 600s)
2026-03-08 08:11:03,389 [INFO]   workflow_runner.py completed successfully.
2026-03-08 08:11:03,395 [INFO] Cycle complete in 8.9s
2026-03-08 08:11:03,395 [INFO] ============================================================
