2026-03-11 00:11:13,635 [INFO] Starting WhatsApp Watcher (new console window)
2026-03-11 00:11:13,649 [INFO] WhatsApp Watcher PID: 29540
2026-03-11 00:11:13,649 [INFO] Starting Filesystem Watcher (logs -> logs\filesystem_watcher.log)
2026-03-11 00:11:13,662 [INFO] Filesystem Watcher PID: 14168
2026-03-11 00:11:13,663 [INFO] Starting Gmail Watcher (logs -> logs\gmail_watcher.log)
2026-03-11 00:11:13,675 [INFO] Gmail Watcher PID: 30544
2026-03-11 00:11:13,675 [INFO] Starting Inbox Planner (logs -> logs\inbox_planner.log)
2026-03-11 00:11:13,688 [INFO] Inbox Planner PID: 33128
2026-03-11 00:11:13,688 [INFO] Starting Auto Approver (logs -> logs\auto_approver.log)
2026-03-11 00:11:13,700 [INFO] Auto Approver PID: 25116
2026-03-11 00:11:13,711 [INFO] Starting Approval Executor (logs -> logs\approval_executor.log)
2026-03-11 00:11:13,723 [INFO] Approval Executor PID: 12660
2026-03-11 00:11:13,723 [INFO] Workflow loop started (every 300s). Ctrl+C to stop.
2026-03-11 00:11:13,724 [INFO] Running workflow_runner.py ...
2026-03-11 00:11:15,090 [INFO] Workflow run complete.
2026-03-11 00:11:15,091 [INFO] Running linkedin_scheduler.py ...
2026-03-11 00:11:16,298 [INFO] LinkedIn scheduler run complete.
2026-03-11 00:11:16,298 [INFO] Sleeping 300s until next run ...
2026-03-11 00:16:16,302 [WARNING] Gmail Watcher crashed -- restarting ...
2026-03-11 00:16:16,303 [INFO] Starting Gmail Watcher (logs -> logs\gmail_watcher.log)
2026-03-11 00:16:16,320 [INFO] Gmail Watcher PID: 11380
2026-03-11 00:16:16,321 [INFO] Running workflow_runner.py ...
2026-03-11 00:16:16,992 [INFO] Workflow run complete.
2026-03-11 00:16:16,992 [INFO] Sleeping 300s until next run ...
2026-03-11 00:21:16,994 [WARNING] Gmail Watcher crashed -- restarting ...
2026-03-11 00:21:16,997 [INFO] Starting Gmail Watcher (logs -> logs\gmail_watcher.log)
2026-03-11 00:21:17,030 [INFO] Gmail Watcher PID: 8196
2026-03-11 00:21:17,031 [INFO] Running workflow_runner.py ...
2026-03-11 00:21:18,025 [INFO] Workflow run complete.
2026-03-11 00:21:18,025 [INFO] Sleeping 300s until next run ...
2026-03-11 00:26:18,026 [WARNING] Gmail Watcher crashed -- restarting ...
2026-03-11 00:26:18,027 [INFO] Starting Gmail Watcher (logs -> logs\gmail_watcher.log)
2026-03-11 00:26:18,051 [INFO] Gmail Watcher PID: 12516
2026-03-11 00:26:18,051 [INFO] Running workflow_runner.py ...
2026-03-11 00:26:18,702 [INFO] Workflow run complete.
2026-03-11 00:26:18,702 [INFO] Sleeping 300s until next run ...
2026-03-11 00:31:18,703 [WARNING] Gmail Watcher crashed -- restarting ...
2026-03-11 00:31:18,704 [INFO] Starting Gmail Watcher (logs -> logs\gmail_watcher.log)
2026-03-11 00:31:18,714 [INFO] Gmail Watcher PID: 35984
2026-03-11 00:31:18,714 [INFO] Running workflow_runner.py ...
2026-03-11 00:31:19,138 [INFO] Workflow run complete.
2026-03-11 00:31:19,138 [INFO] Sleeping 300s until next run ...
2026-03-11 00:36:19,139 [WARNING] Gmail Watcher crashed -- restarting ...
2026-03-11 00:36:19,140 [INFO] Starting Gmail Watcher (logs -> logs\gmail_watcher.log)
2026-03-11 00:36:19,149 [INFO] Gmail Watcher PID: 14680
2026-03-11 00:36:19,149 [INFO] Running workflow_runner.py ...
2026-03-11 00:36:19,530 [INFO] Workflow run complete.
2026-03-11 00:36:19,530 [INFO] Sleeping 300s until next run ...
2026-03-11 00:41:19,531 [WARNING] Gmail Watcher crashed -- restarting ...
2026-03-11 00:41:19,534 [INFO] Starting Gmail Watcher (logs -> logs\gmail_watcher.log)
2026-03-11 00:41:19,572 [INFO] Gmail Watcher PID: 3332
2026-03-11 00:41:19,573 [INFO] Running workflow_runner.py ...
2026-03-11 00:41:19,967 [INFO] Workflow run complete.
2026-03-11 00:41:19,967 [INFO] Sleeping 300s until next run ...
2026-03-11 00:46:19,967 [INFO] Running workflow_runner.py ...
2026-03-11 00:46:21,470 [INFO] Workflow run complete.
2026-03-11 00:46:21,470 [INFO] Sleeping 300s until next run ...
2026-03-11 00:51:21,472 [WARNING] Gmail Watcher crashed -- restarting ...
2026-03-11 00:51:21,474 [INFO] Starting Gmail Watcher (logs -> logs\gmail_watcher.log)
2026-03-11 00:51:21,481 [INFO] Gmail Watcher PID: 16904
2026-03-11 00:51:21,482 [INFO] Running workflow_runner.py ...
2026-03-11 00:51:21,933 [INFO] Workflow run complete.
2026-03-11 00:51:21,933 [INFO] Sleeping 300s until next run ...
2026-03-11 00:56:21,935 [WARNING] Gmail Watcher crashed -- restarting ...
2026-03-11 00:56:21,936 [INFO] Starting Gmail Watcher (logs -> logs\gmail_watcher.log)
2026-03-11 00:56:21,957 [INFO] Gmail Watcher PID: 34964
2026-03-11 00:56:21,957 [INFO] Running workflow_runner.py ...
2026-03-11 00:56:22,320 [INFO] Workflow run complete.
2026-03-11 00:56:22,320 [INFO] Sleeping 300s until next run ...
2026-03-11 01:01:22,441 [WARNING] Gmail Watcher crashed -- restarting ...
2026-03-11 01:01:22,443 [INFO] Starting Gmail Watcher (logs -> logs\gmail_watcher.log)
2026-03-11 01:01:22,527 [INFO] Gmail Watcher PID: 9436
2026-03-11 01:01:22,527 [INFO] Running workflow_runner.py ...
2026-03-11 01:01:24,153 [INFO] Workflow run complete.
2026-03-11 01:01:24,153 [INFO] Sleeping 300s until next run ...
2026-03-11 01:06:24,154 [INFO] Running workflow_runner.py ...
2026-03-11 01:06:24,568 [INFO] Workflow run complete.
2026-03-11 01:06:24,568 [INFO] Sleeping 300s until next run ...
2026-03-11 01:11:24,569 [INFO] Running workflow_runner.py ...
2026-03-11 01:11:25,053 [INFO] Workflow run complete.
2026-03-11 01:11:25,053 [INFO] Sleeping 300s until next run ...
2026-03-11 01:16:25,166 [WARNING] Gmail Watcher crashed -- restarting ...
2026-03-11 01:16:25,167 [INFO] Starting Gmail Watcher (logs -> logs\gmail_watcher.log)
2026-03-11 01:16:25,254 [INFO] Gmail Watcher PID: 9416
2026-03-11 01:16:25,255 [INFO] Running workflow_runner.py ...
2026-03-11 01:16:26,644 [INFO] Workflow run complete.
2026-03-11 01:16:26,647 [INFO] Sleeping 300s until next run ...
2026-03-11 01:21:26,648 [INFO] Running workflow_runner.py ...
2026-03-11 01:21:27,078 [INFO] Workflow run complete.
2026-03-11 01:21:27,078 [INFO] Sleeping 300s until next run ...
2026-03-11 01:26:27,079 [INFO] Running workflow_runner.py ...
2026-03-11 01:26:27,473 [INFO] Workflow run complete.
2026-03-11 01:26:27,474 [INFO] Sleeping 300s until next run ...
2026-03-11 01:31:27,474 [INFO] Running workflow_runner.py ...
2026-03-11 01:31:27,781 [INFO] Workflow run complete.
2026-03-11 01:31:27,781 [INFO] Sleeping 300s until next run ...
2026-03-11 01:36:27,781 [WARNING] Gmail Watcher crashed -- restarting ...
2026-03-11 01:36:27,782 [INFO] Starting Gmail Watcher (logs -> logs\gmail_watcher.log)
2026-03-11 01:36:27,788 [INFO] Gmail Watcher PID: 29692
2026-03-11 01:36:27,788 [INFO] Running workflow_runner.py ...
2026-03-11 01:36:28,274 [INFO] Workflow run complete.
2026-03-11 01:36:28,274 [INFO] Sleeping 300s until next run ...
2026-03-11 01:41:28,275 [WARNING] Gmail Watcher crashed -- restarting ...
2026-03-11 01:41:28,276 [INFO] Starting Gmail Watcher (logs -> logs\gmail_watcher.log)
2026-03-11 01:41:28,283 [INFO] Gmail Watcher PID: 14792
2026-03-11 01:41:28,284 [INFO] Running workflow_runner.py ...
2026-03-11 01:41:28,578 [INFO] Workflow run complete.
2026-03-11 01:41:28,578 [INFO] Sleeping 300s until next run ...
2026-03-11 01:46:28,582 [INFO] Running workflow_runner.py ...
2026-03-11 01:46:28,945 [INFO] Workflow run complete.
2026-03-11 01:46:28,946 [INFO] Sleeping 300s until next run ...
2026-03-11 01:51:28,947 [INFO] Running workflow_runner.py ...
2026-03-11 01:51:29,207 [INFO] Workflow run complete.
2026-03-11 01:51:29,208 [INFO] Sleeping 300s until next run ...
2026-03-11 01:56:29,209 [WARNING] Gmail Watcher crashed -- restarting ...
2026-03-11 01:56:29,214 [INFO] Starting Gmail Watcher (logs -> logs\gmail_watcher.log)
2026-03-11 01:56:29,229 [INFO] Gmail Watcher PID: 5904
2026-03-11 01:56:29,230 [INFO] Running workflow_runner.py ...
2026-03-11 01:56:29,478 [INFO] Workflow run complete.
2026-03-11 01:56:29,478 [INFO] Sleeping 300s until next run ...
2026-03-11 02:01:29,505 [WARNING] Gmail Watcher crashed -- restarting ...
2026-03-11 02:01:29,505 [INFO] Starting Gmail Watcher (logs -> logs\gmail_watcher.log)
2026-03-11 02:01:29,511 [INFO] Gmail Watcher PID: 22520
2026-03-11 02:01:29,511 [INFO] Running workflow_runner.py ...
2026-03-11 02:01:30,510 [INFO] Workflow run complete.
2026-03-11 02:01:30,510 [INFO] Sleeping 300s until next run ...
2026-03-11 02:06:30,511 [WARNING] Gmail Watcher crashed -- restarting ...
2026-03-11 02:06:30,511 [INFO] Starting Gmail Watcher (logs -> logs\gmail_watcher.log)
2026-03-11 02:06:30,516 [INFO] Gmail Watcher PID: 27508
2026-03-11 02:06:30,516 [INFO] Running workflow_runner.py ...
2026-03-11 02:06:33,198 [INFO] Workflow run complete.
2026-03-11 02:06:33,199 [INFO] Sleeping 300s until next run ...
2026-03-11 02:11:33,200 [INFO] Running workflow_runner.py ...
2026-03-11 02:11:33,686 [INFO] Workflow run complete.
2026-03-11 02:11:33,686 [INFO] Sleeping 300s until next run ...
2026-03-11 02:16:33,687 [INFO] Running workflow_runner.py ...
2026-03-11 02:16:33,934 [INFO] Workflow run complete.
2026-03-11 02:16:33,934 [INFO] Sleeping 300s until next run ...
2026-03-11 02:21:33,935 [WARNING] Gmail Watcher crashed -- restarting ...
2026-03-11 02:21:33,939 [INFO] Starting Gmail Watcher (logs -> logs\gmail_watcher.log)
2026-03-11 02:21:33,969 [INFO] Gmail Watcher PID: 24444
2026-03-11 02:21:33,970 [INFO] Running workflow_runner.py ...
2026-03-11 02:21:34,386 [INFO] Workflow run complete.
2026-03-11 02:21:34,386 [INFO] Sleeping 300s until next run ...
2026-03-11 02:26:34,387 [WARNING] Gmail Watcher crashed -- restarting ...
2026-03-11 02:26:34,395 [INFO] Starting Gmail Watcher (logs -> logs\gmail_watcher.log)
2026-03-11 02:26:34,429 [INFO] Gmail Watcher PID: 16976
2026-03-11 02:26:34,430 [INFO] Running workflow_runner.py ...
2026-03-11 02:26:34,815 [INFO] Workflow run complete.
2026-03-11 02:26:34,815 [INFO] Sleeping 300s until next run ...
2026-03-11 02:31:34,825 [WARNING] Gmail Watcher crashed -- restarting ...
2026-03-11 02:31:34,830 [INFO] Starting Gmail Watcher (logs -> logs\gmail_watcher.log)
2026-03-11 02:31:34,839 [INFO] Gmail Watcher PID: 14704
2026-03-11 02:31:34,839 [INFO] Running workflow_runner.py ...
2026-03-11 02:31:35,655 [INFO] Workflow run complete.
2026-03-11 02:31:35,655 [INFO] Sleeping 300s until next run ...
2026-03-11 02:36:35,656 [INFO] Running workflow_runner.py ...
2026-03-11 02:36:35,997 [INFO] Workflow run complete.
2026-03-11 02:36:35,998 [INFO] Sleeping 300s until next run ...
2026-03-11 02:41:36,009 [INFO] Running workflow_runner.py ...
2026-03-11 02:41:36,827 [INFO] Workflow run complete.
2026-03-11 02:41:36,828 [INFO] Sleeping 300s until next run ...
